2024-10-05 13:55:38.969 [info] l10n: Problems loading vscode-local:/c%3A/Users/user/.vscode/extensions/ms-ceintl.vscode-language-pack-es-1.94.2024100209/translations/extensions/vscode.json-language-features.i18n.json : Error: Unsupported protocol
2024-10-05 14:02:56.004 [info] read schema from vscode: vscode://schemas/settings/user
2024-10-05 14:02:56.098 [info] schema change detected vscode://schemas/settings/user
2024-10-05 14:02:56.342 [info] read schema from vscode: vscode://schemas/settings/resourceLanguage
2024-10-05 14:02:56.365 [info] read schema from vscode: vscode://schemas/launch
2024-10-05 14:02:56.375 [info] read schema from vscode: vscode://schemas/token-styling
2024-10-05 14:02:56.376 [info] read schema from vscode: vscode://schemas/textmate-colors
2024-10-05 14:02:56.378 [info] read schema from vscode: vscode://schemas/workbench-colors
2024-10-05 14:02:56.382 [info] read schema from vscode: vscode://schemas/ignoredSettings
2024-10-05 14:02:56.403 [info] read schema from vscode: vscode://schemas/settings/user
2024-10-05 14:02:56.829 [info] cancelled
2024-10-05 14:04:33.768 [info] schema change detected vscode://schemas/settings/user
2024-10-05 14:04:33.772 [info] read schema from vscode: vscode://schemas/settings/user
2024-10-05 14:04:45.097 [info] schema change detected vscode://schemas/settings/user
2024-10-05 14:04:45.100 [info] read schema from vscode: vscode://schemas/settings/user
2024-10-05 14:05:07.389 [info] schema change detected vscode://schemas/settings/user
2024-10-05 14:05:07.394 [info] read schema from vscode: vscode://schemas/settings/user
2024-10-05 14:05:15.369 [info] schema change detected vscode://schemas/settings/user
2024-10-05 14:05:15.372 [info] read schema from vscode: vscode://schemas/settings/user
2024-10-05 14:05:58.279 [info] schema change detected vscode://schemas/settings/user
2024-10-05 14:05:58.282 [info] read schema from vscode: vscode://schemas/settings/user
2024-10-05 14:10:48.023 [info] schema change detected vscode://schemas/settings/user
2024-10-05 14:10:48.254 [info] read schema from vscode: vscode://schemas/settings/user
2024-10-05 14:10:52.169 [info] schema change detected vscode://schemas/settings/user
2024-10-05 14:10:52.173 [info] read schema from vscode: vscode://schemas/settings/user
