2024-10-09 11:00:09.289 [info] Extension host with pid 670 started
2024-10-09 11:00:09.368 [info] Lock '/home/robrewingco/.vscode-server/data/User/workspaceStorage/f3b8b635bb633eaaca31b30164a0cacf/vscode.lock': Lock acquired.
2024-10-09 11:00:09.690 [info] ExtensionService#_doActivateExtension vscode.tunnel-forwarding, startup: false, activationEvent: 'onTunnel'
2024-10-09 11:00:09.701 [info] ExtensionService#_doActivateExtension vscode.emmet, startup: false, activationEvent: 'onLanguage'
2024-10-09 11:00:09.703 [info] ExtensionService#_doActivateExtension ms-python.python, startup: false, activationEvent: 'onLanguage:python', root cause: ms-python.debugpy
2024-10-09 11:00:12.453 [info] ExtensionService#_doActivateExtension vscode.git-base, startup: true, activationEvent: '*', root cause: vscode.git
2024-10-09 11:00:12.476 [info] ExtensionService#_doActivateExtension vscode.configuration-editing, startup: false, activationEvent: 'onLanguage:jsonc'
2024-10-09 11:00:12.477 [info] ExtensionService#_doActivateExtension vscode.json-language-features, startup: false, activationEvent: 'onLanguage:jsonc'
2024-10-09 11:00:12.478 [info] ExtensionService#_doActivateExtension vscode.typescript-language-features, startup: false, activationEvent: 'onLanguage:jsonc'
2024-10-09 11:00:13.076 [info] ExtensionService#_doActivateExtension ms-python.debugpy, startup: false, activationEvent: 'onLanguage:python'
2024-10-09 11:00:13.077 [info] ExtensionService#_doActivateExtension ms-python.vscode-pylance, startup: false, activationEvent: 'onLanguage:python'
2024-10-09 11:00:14.908 [info] ExtensionService#_doActivateExtension vscode.git, startup: true, activationEvent: '*'
2024-10-09 11:00:14.910 [info] ExtensionService#_doActivateExtension vscode.github, startup: true, activationEvent: '*'
2024-10-09 11:00:17.992 [info] Eager extensions activated
2024-10-09 11:00:17.993 [info] ExtensionService#_doActivateExtension vscode.debug-auto-launch, startup: false, activationEvent: 'onStartupFinished'
2024-10-09 11:00:17.994 [info] ExtensionService#_doActivateExtension vscode.merge-conflict, startup: false, activationEvent: 'onStartupFinished'
2024-10-09 11:00:17.995 [info] ExtensionService#_doActivateExtension ritwickdey.LiveServer, startup: false, activationEvent: 'onStartupFinished'
2024-10-09 11:00:41.916 [info] Extension host terminating: received terminate message from renderer
2024-10-09 11:00:41.918 [info] Lock '/home/robrewingco/.vscode-server/data/User/workspaceStorage/f3b8b635bb633eaaca31b30164a0cacf/vscode.lock': Marking the lockfile as scheduled to be released in 6000 ms.
2024-10-09 11:00:42.153 [info] Extension host with pid 670 exiting with code 0
