2024-10-05 13:50:59.071 [info] Extension host with pid 678 started
2024-10-05 13:50:59.126 [info] Lock '/home/robrewingco/.vscode-server/data/User/workspaceStorage/f3b8b635bb633eaaca31b30164a0cacf/vscode.lock': Lock acquired.
2024-10-05 13:50:59.215 [info] ExtensionService#_doActivateExtension vscode.emmet, startup: false, activationEvent: 'onLanguage'
2024-10-05 13:50:59.219 [info] ExtensionService#_doActivateExtension ms-python.python, startup: false, activationEvent: 'onLanguage:python', root cause: ms-python.debugpy
2024-10-05 13:51:00.803 [info] ExtensionService#_doActivateExtension vscode.git-base, startup: true, activationEvent: '*', root cause: vscode.git
2024-10-05 13:51:01.013 [info] ExtensionService#_doActivateExtension vscode.configuration-editing, startup: false, activationEvent: 'onLanguage:jsonc'
2024-10-05 13:51:01.014 [info] ExtensionService#_doActivateExtension vscode.json-language-features, startup: false, activationEvent: 'onLanguage:jsonc'
2024-10-05 13:51:01.015 [info] ExtensionService#_doActivateExtension vscode.typescript-language-features, startup: false, activationEvent: 'onLanguage:jsonc'
2024-10-05 13:51:01.027 [info] ExtensionService#_doActivateExtension vscode.html-language-features, startup: false, activationEvent: 'onLanguage:html'
2024-10-05 13:51:01.613 [info] ExtensionService#_doActivateExtension ms-python.debugpy, startup: false, activationEvent: 'onLanguage:python'
2024-10-05 13:51:01.614 [info] ExtensionService#_doActivateExtension ms-python.vscode-pylance, startup: false, activationEvent: 'onLanguage:python'
2024-10-05 13:51:04.751 [info] ExtensionService#_doActivateExtension vscode.git, startup: true, activationEvent: '*'
2024-10-05 13:51:04.753 [info] ExtensionService#_doActivateExtension vscode.github, startup: true, activationEvent: '*'
2024-10-05 13:51:06.092 [info] Eager extensions activated
2024-10-05 13:51:06.093 [info] ExtensionService#_doActivateExtension vscode.debug-auto-launch, startup: false, activationEvent: 'onStartupFinished'
2024-10-05 13:51:06.095 [info] ExtensionService#_doActivateExtension vscode.merge-conflict, startup: false, activationEvent: 'onStartupFinished'
2024-10-05 13:53:32.695 [warning] DiagnosticCollection with name 'settings' does already exist.
2024-10-05 13:53:32.710 [info] ExtensionService#_doActivateExtension ritwickdey.LiveServer, startup: false, activationEvent: 'onStartupFinished'
2024-10-05 13:53:43.766 [info] ExtensionService#_doActivateExtension vscode.tunnel-forwarding, startup: false, activationEvent: 'onTunnel'
2024-10-05 13:53:43.979 [error] Error: spawn google-chrome ENOENT
	at ChildProcess._handle.onexit (node:internal/child_process:286:19)
	at onErrorNT (node:internal/child_process:484:16)
	at process.processTicksAndRejections (node:internal/process/task_queues:82:21)
2024-10-05 13:54:18.969 [error] Error: spawn google-chrome ENOENT
	at ChildProcess._handle.onexit (node:internal/child_process:286:19)
	at onErrorNT (node:internal/child_process:484:16)
	at process.processTicksAndRejections (node:internal/process/task_queues:82:21)
2024-10-05 13:54:41.999 [error] Error: spawn google-chrome ENOENT
	at ChildProcess._handle.onexit (node:internal/child_process:286:19)
	at onErrorNT (node:internal/child_process:484:16)
	at process.processTicksAndRejections (node:internal/process/task_queues:82:21)
2024-10-05 13:54:43.429 [info] Extension host terminating: received terminate message from renderer
2024-10-05 13:54:43.430 [info] Lock '/home/robrewingco/.vscode-server/data/User/workspaceStorage/f3b8b635bb633eaaca31b30164a0cacf/vscode.lock': Marking the lockfile as scheduled to be released in 6000 ms.
2024-10-05 13:54:43.585 [info] Extension host with pid 678 exiting with code 0
